<?xml version="1.0" encoding="UTF-8"?>
<!-- Generated by org.testng.reporters.JUnitXMLReporter -->
<testsuite hostname="LAPTOP-9FU86JGL" ignored="0" name="Test" tests="3" failures="1" timestamp="03 Sep 2019 01:36:26 GMT" time="3.447" errors="0">
  <testcase name="getStatesTest" time="2.504" classname="com.test.api.AppTest"/>
  <testcase name="validateStateAbbreviationsTest" time="0.496" classname="com.test.api.AppTest"/>
  <testcase name="validateTotalStatesTest" time="0.419" classname="com.test.api.AppTest">
    <failure type="java.lang.AssertionError" message="expected [48] but found [96]">
      <![CDATA[java.lang.AssertionError: expected [48] but found [96]
	at com.test.api.AppTest.validateTotalStatesTest(AppTest.java:72)
... Removed 31 stack frames]]>
    </failure>
  </testcase> <!-- validateTotalStatesTest -->
</testsuite> <!-- Test -->
